<?xml version="1.0" encoding="UTF-8"?>
<testng-results skipped="0" failed="2" ignored="0" total="8" passed="6">
  <reporter-output>
  </reporter-output>
  <suite name="Default suite" duration-ms="325702" started-at="2022-05-23T11:08:10Z" finished-at="2022-05-23T11:13:35Z">
    <groups>
    </groups>
    <test name="Default test" duration-ms="325702" started-at="2022-05-23T11:08:10Z" finished-at="2022-05-23T11:13:35Z">
      <class name="testCases.TestCase">
        <test-method status="PASS" signature="LaunchBrowser()[pri:0, instance:testCases.TestCase@d6da883]" name="LaunchBrowser" is-config="true" duration-ms="14824" started-at="2022-05-23T11:08:10Z" finished-at="2022-05-23T11:08:24Z">
          <reporter-output>
          </reporter-output>
        </test-method> <!-- LaunchBrowser -->
        <test-method status="PASS" signature="customerAddGlobalButton()[pri:1, instance:testCases.TestCase@d6da883]" name="customerAddGlobalButton" duration-ms="41793" started-at="2022-05-23T11:08:24Z" finished-at="2022-05-23T11:09:06Z">
          <reporter-output>
          </reporter-output>
        </test-method> <!-- customerAddGlobalButton -->
        <test-method status="PASS" signature="LaunchBrowser()[pri:0, instance:testCases.TestCase@d6da883]" name="LaunchBrowser" is-config="true" duration-ms="10830" started-at="2022-05-23T11:09:06Z" finished-at="2022-05-23T11:09:17Z">
          <reporter-output>
          </reporter-output>
        </test-method> <!-- LaunchBrowser -->
        <test-method status="PASS" signature="customerAddfromSalesOrder()[pri:2, instance:testCases.TestCase@d6da883]" name="customerAddfromSalesOrder" duration-ms="21158" started-at="2022-05-23T11:09:17Z" finished-at="2022-05-23T11:09:38Z">
          <reporter-output>
          </reporter-output>
        </test-method> <!-- customerAddfromSalesOrder -->
        <test-method status="PASS" signature="LaunchBrowser()[pri:0, instance:testCases.TestCase@d6da883]" name="LaunchBrowser" is-config="true" duration-ms="11854" started-at="2022-05-23T11:09:38Z" finished-at="2022-05-23T11:09:50Z">
          <reporter-output>
          </reporter-output>
        </test-method> <!-- LaunchBrowser -->
        <test-method status="PASS" signature="verifySONo()[pri:3, instance:testCases.TestCase@d6da883]" name="verifySONo" duration-ms="21193" started-at="2022-05-23T11:09:50Z" finished-at="2022-05-23T11:10:11Z">
          <reporter-output>
          </reporter-output>
        </test-method> <!-- verifySONo -->
        <test-method status="PASS" signature="LaunchBrowser()[pri:0, instance:testCases.TestCase@d6da883]" name="LaunchBrowser" is-config="true" duration-ms="13297" started-at="2022-05-23T11:10:11Z" finished-at="2022-05-23T11:10:25Z">
          <reporter-output>
          </reporter-output>
        </test-method> <!-- LaunchBrowser -->
        <test-method status="FAIL" signature="editCustAddressSalesOrder()[pri:4, instance:testCases.TestCase@d6da883]" name="editCustAddressSalesOrder" duration-ms="20027" started-at="2022-05-23T11:10:25Z" finished-at="2022-05-23T11:10:45Z">
          <exception class="org.openqa.selenium.ElementClickInterceptedException">
            <message>
              <![CDATA[element click intercepted: Element <input aria-invalid="true" autocomplete="off" placeholder="Search or create customer" type="text" class="MuiInputBase-input MuiInput-input MuiAutocomplete-input MuiAutocomplete-inputFocused MuiInputBase-inputAdornedEnd" aria-autocomplete="list" autocapitalize="none" spellcheck="false" value="" id="mui-31614" style="box-sizing: content-box;"> is not clickable at point (411, 260). Other element would receive the click: <div class="Loader__message" style="display: table-cell; vertical-align: middle;">...</div>
  (Session info: headless chrome=101.0.4951.67)
Build info: version: '4.1.3', revision: '7b1ebf28ef'
System info: host: 'HOISL_ISHARAP', ip: '172.18.76.65', os.name: 'Windows 10', os.arch: 'amd64', os.version: '10.0', java.version: '1.8.0_281'
Driver info: org.openqa.selenium.chrome.ChromeDriver
Command: [3db98744cb7f221607d9a66074937e15, clickElement {id=9f8d6b6d-2aa6-402c-a91b-95f25f85de54}]
Capabilities {acceptInsecureCerts: false, browserName: chrome, browserVersion: 101.0.4951.67, chrome: {chromedriverVersion: 101.0.4951.41 (93c720db8323..., userDataDir: C:\Users\isharap\AppData\Lo...}, goog:chromeOptions: {debuggerAddress: localhost:53067}, javascriptEnabled: true, networkConnectionEnabled: false, pageLoadStrategy: normal, platform: WINDOWS, platformName: WINDOWS, proxy: Proxy(), se:cdp: ws://localhost:53067/devtoo..., se:cdpVersion: 101.0.4951.67, setWindowRect: true, strictFileInteractability: false, timeouts: {implicit: 0, pageLoad: 300000, script: 30000}, unhandledPromptBehavior: dismiss and notify, webauthn:extension:credBlob: true, webauthn:extension:largeBlob: true, webauthn:virtualAuthenticators: true}
Element: [[ChromeDriver: chrome on WINDOWS (3db98744cb7f221607d9a66074937e15)] -> xpath: //input[@placeholder='Search or create customer']]
Session ID: 3db98744cb7f221607d9a66074937e15]]>
            </message>
            <full-stacktrace>
              <![CDATA[org.openqa.selenium.ElementClickInterceptedException: element click intercepted: Element <input aria-invalid="true" autocomplete="off" placeholder="Search or create customer" type="text" class="MuiInputBase-input MuiInput-input MuiAutocomplete-input MuiAutocomplete-inputFocused MuiInputBase-inputAdornedEnd" aria-autocomplete="list" autocapitalize="none" spellcheck="false" value="" id="mui-31614" style="box-sizing: content-box;"> is not clickable at point (411, 260). Other element would receive the click: <div class="Loader__message" style="display: table-cell; vertical-align: middle;">...</div>
  (Session info: headless chrome=101.0.4951.67)
Build info: version: '4.1.3', revision: '7b1ebf28ef'
System info: host: 'HOISL_ISHARAP', ip: '172.18.76.65', os.name: 'Windows 10', os.arch: 'amd64', os.version: '10.0', java.version: '1.8.0_281'
Driver info: org.openqa.selenium.chrome.ChromeDriver
Command: [3db98744cb7f221607d9a66074937e15, clickElement {id=9f8d6b6d-2aa6-402c-a91b-95f25f85de54}]
Capabilities {acceptInsecureCerts: false, browserName: chrome, browserVersion: 101.0.4951.67, chrome: {chromedriverVersion: 101.0.4951.41 (93c720db8323..., userDataDir: C:\Users\isharap\AppData\Lo...}, goog:chromeOptions: {debuggerAddress: localhost:53067}, javascriptEnabled: true, networkConnectionEnabled: false, pageLoadStrategy: normal, platform: WINDOWS, platformName: WINDOWS, proxy: Proxy(), se:cdp: ws://localhost:53067/devtoo..., se:cdpVersion: 101.0.4951.67, setWindowRect: true, strictFileInteractability: false, timeouts: {implicit: 0, pageLoad: 300000, script: 30000}, unhandledPromptBehavior: dismiss and notify, webauthn:extension:credBlob: true, webauthn:extension:largeBlob: true, webauthn:virtualAuthenticators: true}
Element: [[ChromeDriver: chrome on WINDOWS (3db98744cb7f221607d9a66074937e15)] -> xpath: //input[@placeholder='Search or create customer']]
Session ID: 3db98744cb7f221607d9a66074937e15
at sun.reflect.NativeConstructorAccessorImpl.newInstance0(Native Method)
at sun.reflect.NativeConstructorAccessorImpl.newInstance(Unknown Source)
at sun.reflect.DelegatingConstructorAccessorImpl.newInstance(Unknown Source)
at java.lang.reflect.Constructor.newInstance(Unknown Source)
at org.openqa.selenium.remote.codec.w3c.W3CHttpResponseCodec.createException(W3CHttpResponseCodec.java:200)
at org.openqa.selenium.remote.codec.w3c.W3CHttpResponseCodec.decode(W3CHttpResponseCodec.java:133)
at org.openqa.selenium.remote.codec.w3c.W3CHttpResponseCodec.decode(W3CHttpResponseCodec.java:53)
at org.openqa.selenium.remote.HttpCommandExecutor.execute(HttpCommandExecutor.java:184)
at org.openqa.selenium.remote.service.DriverCommandExecutor.invokeExecute(DriverCommandExecutor.java:167)
at org.openqa.selenium.remote.service.DriverCommandExecutor.execute(DriverCommandExecutor.java:142)
at org.openqa.selenium.remote.RemoteWebDriver.execute(RemoteWebDriver.java:567)
at org.openqa.selenium.remote.RemoteWebElement.execute(RemoteWebElement.java:251)
at org.openqa.selenium.remote.RemoteWebElement.click(RemoteWebElement.java:77)
at pageObjects.SalesOrderPageObjects.enterCustomer(SalesOrderPageObjects.java:27)
at testCases.TestCase.editCustAddressSalesOrder(TestCase.java:151)
at sun.reflect.NativeMethodAccessorImpl.invoke0(Native Method)
at sun.reflect.NativeMethodAccessorImpl.invoke(Unknown Source)
at sun.reflect.DelegatingMethodAccessorImpl.invoke(Unknown Source)
at java.lang.reflect.Method.invoke(Unknown Source)
at org.testng.internal.MethodInvocationHelper.invokeMethod(MethodInvocationHelper.java:124)
at org.testng.internal.Invoker.invokeMethod(Invoker.java:583)
at org.testng.internal.Invoker.invokeTestMethod(Invoker.java:719)
at org.testng.internal.Invoker.invokeTestMethods(Invoker.java:989)
at org.testng.internal.TestMethodWorker.invokeTestMethods(TestMethodWorker.java:125)
at org.testng.internal.TestMethodWorker.run(TestMethodWorker.java:109)
at org.testng.TestRunner.privateRun(TestRunner.java:648)
at org.testng.TestRunner.run(TestRunner.java:505)
at org.testng.SuiteRunner.runTest(SuiteRunner.java:455)
at org.testng.SuiteRunner.runSequentially(SuiteRunner.java:450)
at org.testng.SuiteRunner.privateRun(SuiteRunner.java:415)
at org.testng.SuiteRunner.run(SuiteRunner.java:364)
at org.testng.SuiteRunnerWorker.runSuite(SuiteRunnerWorker.java:52)
at org.testng.SuiteRunnerWorker.run(SuiteRunnerWorker.java:84)
at org.testng.TestNG.runSuitesSequentially(TestNG.java:1208)
at org.testng.TestNG.runSuitesLocally(TestNG.java:1137)
at org.testng.TestNG.runSuites(TestNG.java:1049)
at org.testng.TestNG.run(TestNG.java:1017)
at org.testng.remote.AbstractRemoteTestNG.run(AbstractRemoteTestNG.java:114)
at org.testng.remote.RemoteTestNG.initAndRun(RemoteTestNG.java:251)
at org.testng.remote.RemoteTestNG.main(RemoteTestNG.java:77)
]]>
            </full-stacktrace>
          </exception> <!-- org.openqa.selenium.ElementClickInterceptedException -->
          <reporter-output>
          </reporter-output>
        </test-method> <!-- editCustAddressSalesOrder -->
        <test-method status="PASS" signature="LaunchBrowser()[pri:0, instance:testCases.TestCase@d6da883]" name="LaunchBrowser" is-config="true" duration-ms="19688" started-at="2022-05-23T11:10:45Z" finished-at="2022-05-23T11:11:04Z">
          <reporter-output>
          </reporter-output>
        </test-method> <!-- LaunchBrowser -->
        <test-method status="FAIL" signature="validateEmailCustomerAdd()[pri:5, instance:testCases.TestCase@d6da883]" name="validateEmailCustomerAdd" duration-ms="37837" started-at="2022-05-23T11:11:04Z" finished-at="2022-05-23T11:11:42Z">
          <exception class="junit.framework.AssertionFailedError">
            <full-stacktrace>
              <![CDATA[junit.framework.AssertionFailedError
at junit.framework.Assert.fail(Assert.java:47)
at junit.framework.Assert.assertTrue(Assert.java:20)
at junit.framework.Assert.assertTrue(Assert.java:27)
at pageObjects.CustomerPageObjects.verifyEmailLabelColor(CustomerPageObjects.java:147)
at testCases.TestCase.validateEmailCustomerAdd(TestCase.java:180)
at sun.reflect.NativeMethodAccessorImpl.invoke0(Native Method)
at sun.reflect.NativeMethodAccessorImpl.invoke(Unknown Source)
at sun.reflect.DelegatingMethodAccessorImpl.invoke(Unknown Source)
at java.lang.reflect.Method.invoke(Unknown Source)
at org.testng.internal.MethodInvocationHelper.invokeMethod(MethodInvocationHelper.java:124)
at org.testng.internal.Invoker.invokeMethod(Invoker.java:583)
at org.testng.internal.Invoker.invokeTestMethod(Invoker.java:719)
at org.testng.internal.Invoker.invokeTestMethods(Invoker.java:989)
at org.testng.internal.TestMethodWorker.invokeTestMethods(TestMethodWorker.java:125)
at org.testng.internal.TestMethodWorker.run(TestMethodWorker.java:109)
at org.testng.TestRunner.privateRun(TestRunner.java:648)
at org.testng.TestRunner.run(TestRunner.java:505)
at org.testng.SuiteRunner.runTest(SuiteRunner.java:455)
at org.testng.SuiteRunner.runSequentially(SuiteRunner.java:450)
at org.testng.SuiteRunner.privateRun(SuiteRunner.java:415)
at org.testng.SuiteRunner.run(SuiteRunner.java:364)
at org.testng.SuiteRunnerWorker.runSuite(SuiteRunnerWorker.java:52)
at org.testng.SuiteRunnerWorker.run(SuiteRunnerWorker.java:84)
at org.testng.TestNG.runSuitesSequentially(TestNG.java:1208)
at org.testng.TestNG.runSuitesLocally(TestNG.java:1137)
at org.testng.TestNG.runSuites(TestNG.java:1049)
at org.testng.TestNG.run(TestNG.java:1017)
at org.testng.remote.AbstractRemoteTestNG.run(AbstractRemoteTestNG.java:114)
at org.testng.remote.RemoteTestNG.initAndRun(RemoteTestNG.java:251)
at org.testng.remote.RemoteTestNG.main(RemoteTestNG.java:77)
]]>
            </full-stacktrace>
          </exception> <!-- junit.framework.AssertionFailedError -->
          <reporter-output>
          </reporter-output>
        </test-method> <!-- validateEmailCustomerAdd -->
        <test-method status="PASS" signature="LaunchBrowser()[pri:0, instance:testCases.TestCase@d6da883]" name="LaunchBrowser" is-config="true" duration-ms="11583" started-at="2022-05-23T11:11:42Z" finished-at="2022-05-23T11:11:54Z">
          <reporter-output>
          </reporter-output>
        </test-method> <!-- LaunchBrowser -->
        <test-method status="PASS" signature="searchExistingCustomer()[pri:6, instance:testCases.TestCase@d6da883]" name="searchExistingCustomer" duration-ms="32722" started-at="2022-05-23T11:11:54Z" finished-at="2022-05-23T11:12:26Z">
          <reporter-output>
          </reporter-output>
        </test-method> <!-- searchExistingCustomer -->
        <test-method status="PASS" signature="LaunchBrowser()[pri:0, instance:testCases.TestCase@d6da883]" name="LaunchBrowser" is-config="true" duration-ms="16065" started-at="2022-05-23T11:12:26Z" finished-at="2022-05-23T11:12:43Z">
          <reporter-output>
          </reporter-output>
        </test-method> <!-- LaunchBrowser -->
        <test-method status="PASS" signature="validateDisplayName()[pri:7, instance:testCases.TestCase@d6da883]" name="validateDisplayName" duration-ms="20168" started-at="2022-05-23T11:12:43Z" finished-at="2022-05-23T11:13:03Z">
          <reporter-output>
          </reporter-output>
        </test-method> <!-- validateDisplayName -->
        <test-method status="PASS" signature="LaunchBrowser()[pri:0, instance:testCases.TestCase@d6da883]" name="LaunchBrowser" is-config="true" duration-ms="12083" started-at="2022-05-23T11:13:03Z" finished-at="2022-05-23T11:13:15Z">
          <reporter-output>
          </reporter-output>
        </test-method> <!-- LaunchBrowser -->
        <test-method status="PASS" signature="deleteExistingCustomer()[pri:8, instance:testCases.TestCase@d6da883]" name="deleteExistingCustomer" duration-ms="20517" started-at="2022-05-23T11:13:15Z" finished-at="2022-05-23T11:13:35Z">
          <reporter-output>
          </reporter-output>
        </test-method> <!-- deleteExistingCustomer -->
      </class> <!-- testCases.TestCase -->
    </test> <!-- Default test -->
  </suite> <!-- Default suite -->
</testng-results>
